<?xml version="1.0" encoding="UTF-8"?>
<testng-results skipped="0" failed="5" ignored="8" total="16" passed="3">
  <reporter-output>
  </reporter-output>
  <suite name="Suite" duration-ms="124923" started-at="2020-05-04T19:14:49 IST" finished-at="2020-05-04T19:16:54 IST">
    <groups>
    </groups>
    <test name="Test" duration-ms="124923" started-at="2020-05-04T19:14:49 IST" finished-at="2020-05-04T19:16:54 IST">
      <class name="com.inetbanking.test_cases.TestCase_002_LoginTest_DD">
        <test-method status="PASS" signature="beforeClass(java.lang.String)[pri:0, instance:com.inetbanking.test_cases.TestCase_002_LoginTest_DD@ea1a8d5]" name="beforeClass" is-config="true" duration-ms="6751" started-at="2020-05-04T19:15:14 IST" finished-at="2020-05-04T19:15:20 IST">
          <params>
            <param index="0">
              <value>
                <![CDATA[Chrome]]>
              </value>
            </param>
          </params>
          <reporter-output>
          </reporter-output>
        </test-method> <!-- beforeClass -->
        <test-method status="PASS" signature="beforeMethod()[pri:0, instance:com.inetbanking.test_cases.TestCase_002_LoginTest_DD@ea1a8d5]" name="beforeMethod" is-config="true" duration-ms="1" started-at="2020-05-04T19:15:22 IST" finished-at="2020-05-04T19:15:22 IST">
          <reporter-output>
          </reporter-output>
        </test-method> <!-- beforeMethod -->
        <test-method status="PASS" signature="login_DD_Test(java.lang.String, java.lang.String)[pri:0, instance:com.inetbanking.test_cases.TestCase_002_LoginTest_DD@ea1a8d5]" name="login_DD_Test" duration-ms="12756" started-at="2020-05-04T19:15:22 IST" data-provider="login_data" finished-at="2020-05-04T19:15:35 IST">
          <params>
            <param index="0">
              <value>
                <![CDATA[mngr259062]]>
              </value>
            </param>
            <param index="1">
              <value>
                <![CDATA[UsuhagY]]>
              </value>
            </param>
          </params>
          <reporter-output>
          </reporter-output>
        </test-method> <!-- login_DD_Test -->
        <test-method status="PASS" signature="afterMethod()[pri:0, instance:com.inetbanking.test_cases.TestCase_002_LoginTest_DD@ea1a8d5]" name="afterMethod" is-config="true" duration-ms="0" started-at="2020-05-04T19:15:35 IST" finished-at="2020-05-04T19:15:35 IST">
          <reporter-output>
          </reporter-output>
        </test-method> <!-- afterMethod -->
        <test-method status="PASS" signature="beforeMethod()[pri:0, instance:com.inetbanking.test_cases.TestCase_002_LoginTest_DD@ea1a8d5]" name="beforeMethod" is-config="true" duration-ms="0" started-at="2020-05-04T19:15:35 IST" finished-at="2020-05-04T19:15:35 IST">
          <reporter-output>
          </reporter-output>
        </test-method> <!-- beforeMethod -->
        <test-method status="FAIL" signature="login_DD_Test(java.lang.String, java.lang.String)[pri:0, instance:com.inetbanking.test_cases.TestCase_002_LoginTest_DD@ea1a8d5]" name="login_DD_Test" duration-ms="24775" started-at="2020-05-04T19:15:35 IST" data-provider="login_data" finished-at="2020-05-04T19:16:00 IST">
          <params>
            <param index="0">
              <value>
                <![CDATA[mngr459062]]>
              </value>
            </param>
            <param index="1">
              <value>
                <![CDATA[Usuhagy]]>
              </value>
            </param>
          </params>
          <exception class="java.lang.AssertionError">
            <message>
              <![CDATA[expected [true] but found [false]]]>
            </message>
            <full-stacktrace>
              <![CDATA[java.lang.AssertionError: expected [true] but found [false]
at org.testng.Assert.fail(Assert.java:97)
at org.testng.Assert.failNotEquals(Assert.java:969)
at org.testng.Assert.assertTrue(Assert.java:43)
at org.testng.Assert.assertTrue(Assert.java:53)
at com.inetbanking.test_cases.TestCase_002_LoginTest_DD.login_DD_Test(TestCase_002_LoginTest_DD.java:26)
at sun.reflect.NativeMethodAccessorImpl.invoke0(Native Method)
at sun.reflect.NativeMethodAccessorImpl.invoke(NativeMethodAccessorImpl.java:62)
at sun.reflect.DelegatingMethodAccessorImpl.invoke(DelegatingMethodAccessorImpl.java:43)
at java.lang.reflect.Method.invoke(Method.java:498)
at org.testng.internal.MethodInvocationHelper.invokeMethod(MethodInvocationHelper.java:134)
at org.testng.internal.TestInvoker.invokeMethod(TestInvoker.java:597)
at org.testng.internal.TestInvoker.invokeTestMethod(TestInvoker.java:173)
at org.testng.internal.MethodRunner.runInSequence(MethodRunner.java:46)
at org.testng.internal.TestInvoker$MethodInvocationAgent.invoke(TestInvoker.java:816)
at org.testng.internal.TestInvoker.invokeTestMethods(TestInvoker.java:146)
at org.testng.internal.TestMethodWorker.invokeTestMethods(TestMethodWorker.java:146)
at org.testng.internal.TestMethodWorker.run(TestMethodWorker.java:128)
at java.util.ArrayList.forEach(ArrayList.java:1257)
at org.testng.TestRunner.privateRun(TestRunner.java:766)
at org.testng.TestRunner.run(TestRunner.java:587)
at org.testng.SuiteRunner.runTest(SuiteRunner.java:384)
at org.testng.SuiteRunner.runSequentially(SuiteRunner.java:378)
at org.testng.SuiteRunner.privateRun(SuiteRunner.java:337)
at org.testng.SuiteRunner.run(SuiteRunner.java:286)
at org.testng.SuiteRunnerWorker.runSuite(SuiteRunnerWorker.java:53)
at org.testng.SuiteRunnerWorker.run(SuiteRunnerWorker.java:96)
at org.testng.TestNG.runSuitesSequentially(TestNG.java:1187)
at org.testng.TestNG.runSuitesLocally(TestNG.java:1109)
at org.testng.TestNG.runSuites(TestNG.java:1039)
at org.testng.TestNG.run(TestNG.java:1007)
at org.testng.remote.AbstractRemoteTestNG.run(AbstractRemoteTestNG.java:115)
at org.testng.remote.RemoteTestNG.initAndRun(RemoteTestNG.java:251)
at org.testng.remote.RemoteTestNG.main(RemoteTestNG.java:77)
]]>
            </full-stacktrace>
          </exception> <!-- java.lang.AssertionError -->
          <reporter-output>
          </reporter-output>
        </test-method> <!-- login_DD_Test -->
        <test-method status="PASS" signature="afterMethod()[pri:0, instance:com.inetbanking.test_cases.TestCase_002_LoginTest_DD@ea1a8d5]" name="afterMethod" is-config="true" duration-ms="0" started-at="2020-05-04T19:16:00 IST" finished-at="2020-05-04T19:16:00 IST">
          <reporter-output>
          </reporter-output>
        </test-method> <!-- afterMethod -->
        <test-method status="PASS" signature="beforeMethod()[pri:0, instance:com.inetbanking.test_cases.TestCase_002_LoginTest_DD@ea1a8d5]" name="beforeMethod" is-config="true" duration-ms="0" started-at="2020-05-04T19:16:00 IST" finished-at="2020-05-04T19:16:00 IST">
          <reporter-output>
          </reporter-output>
        </test-method> <!-- beforeMethod -->
        <test-method status="PASS" signature="login_DD_Test(java.lang.String, java.lang.String)[pri:0, instance:com.inetbanking.test_cases.TestCase_002_LoginTest_DD@ea1a8d5]" name="login_DD_Test" duration-ms="12776" started-at="2020-05-04T19:16:00 IST" data-provider="login_data" finished-at="2020-05-04T19:16:13 IST">
          <params>
            <param index="0">
              <value>
                <![CDATA[mngr259062]]>
              </value>
            </param>
            <param index="1">
              <value>
                <![CDATA[UsuhagY]]>
              </value>
            </param>
          </params>
          <reporter-output>
          </reporter-output>
        </test-method> <!-- login_DD_Test -->
        <test-method status="PASS" signature="afterMethod()[pri:0, instance:com.inetbanking.test_cases.TestCase_002_LoginTest_DD@ea1a8d5]" name="afterMethod" is-config="true" duration-ms="0" started-at="2020-05-04T19:16:13 IST" finished-at="2020-05-04T19:16:13 IST">
          <reporter-output>
          </reporter-output>
        </test-method> <!-- afterMethod -->
        <test-method status="PASS" signature="beforeMethod()[pri:0, instance:com.inetbanking.test_cases.TestCase_002_LoginTest_DD@ea1a8d5]" name="beforeMethod" is-config="true" duration-ms="0" started-at="2020-05-04T19:16:13 IST" finished-at="2020-05-04T19:16:13 IST">
          <reporter-output>
          </reporter-output>
        </test-method> <!-- beforeMethod -->
        <test-method status="FAIL" signature="login_DD_Test(java.lang.String, java.lang.String)[pri:0, instance:com.inetbanking.test_cases.TestCase_002_LoginTest_DD@ea1a8d5]" name="login_DD_Test" duration-ms="8347" started-at="2020-05-04T19:16:13 IST" data-provider="login_data" finished-at="2020-05-04T19:16:22 IST">
          <params>
            <param index="0">
              <value>
                <![CDATA[mngr459062]]>
              </value>
            </param>
            <param index="1">
              <value>
                <![CDATA[Usuhagy]]>
              </value>
            </param>
          </params>
          <exception class="org.openqa.selenium.NoSuchElementException">
            <message>
              <![CDATA[no such element: Unable to locate element: {"method":"link text","selector":"Log out"}
  (Session info: chrome=81.0.4044.129)
For documentation on this error, please visit: https://www.seleniumhq.org/exceptions/no_such_element.html
Build info: version: '3.141.59', revision: 'e82be7d358', time: '2018-11-14T08:17:03'
System info: host: 'Dhaliwal-macs-MacBook-Air.local', ip: 'fe80:0:0:0:476:fef7:f18d:7863%en0', os.name: 'Mac OS X', os.arch: 'x86_64', os.version: '10.15.4', java.version: '1.8.0_241'
Driver info: org.openqa.selenium.chrome.ChromeDriver
Capabilities {acceptInsecureCerts: false, browserName: chrome, browserVersion: 81.0.4044.129, chrome: {chromedriverVersion: 80.0.3987.16 (320f6526c1632..., userDataDir: /var/folders/7d/pndq6v6174n...}, goog:chromeOptions: {debuggerAddress: localhost:49712}, javascriptEnabled: true, networkConnectionEnabled: false, pageLoadStrategy: normal, platform: MAC, platformName: MAC, proxy: Proxy(), setWindowRect: true, strictFileInteractability: false, timeouts: {implicit: 0, pageLoad: 300000, script: 30000}, unhandledPromptBehavior: dismiss and notify}
Session ID: e0c4bc03c91b9e245e8b60dbbf6e1204
*** Element info: {Using=link text, value=Log out}]]>
            </message>
            <full-stacktrace>
              <![CDATA[org.openqa.selenium.NoSuchElementException: no such element: Unable to locate element: {"method":"link text","selector":"Log out"}
  (Session info: chrome=81.0.4044.129)
For documentation on this error, please visit: https://www.seleniumhq.org/exceptions/no_such_element.html
Build info: version: '3.141.59', revision: 'e82be7d358', time: '2018-11-14T08:17:03'
System info: host: 'Dhaliwal-macs-MacBook-Air.local', ip: 'fe80:0:0:0:476:fef7:f18d:7863%en0', os.name: 'Mac OS X', os.arch: 'x86_64', os.version: '10.15.4', java.version: '1.8.0_241'
Driver info: org.openqa.selenium.chrome.ChromeDriver
Capabilities {acceptInsecureCerts: false, browserName: chrome, browserVersion: 81.0.4044.129, chrome: {chromedriverVersion: 80.0.3987.16 (320f6526c1632..., userDataDir: /var/folders/7d/pndq6v6174n...}, goog:chromeOptions: {debuggerAddress: localhost:49712}, javascriptEnabled: true, networkConnectionEnabled: false, pageLoadStrategy: normal, platform: MAC, platformName: MAC, proxy: Proxy(), setWindowRect: true, strictFileInteractability: false, timeouts: {implicit: 0, pageLoad: 300000, script: 30000}, unhandledPromptBehavior: dismiss and notify}
Session ID: e0c4bc03c91b9e245e8b60dbbf6e1204
*** Element info: {Using=link text, value=Log out}
at sun.reflect.NativeConstructorAccessorImpl.newInstance0(Native Method)
at sun.reflect.NativeConstructorAccessorImpl.newInstance(NativeConstructorAccessorImpl.java:62)
at sun.reflect.DelegatingConstructorAccessorImpl.newInstance(DelegatingConstructorAccessorImpl.java:45)
at java.lang.reflect.Constructor.newInstance(Constructor.java:423)
at org.openqa.selenium.remote.http.W3CHttpResponseCodec.createException(W3CHttpResponseCodec.java:187)
at org.openqa.selenium.remote.http.W3CHttpResponseCodec.decode(W3CHttpResponseCodec.java:122)
at org.openqa.selenium.remote.http.W3CHttpResponseCodec.decode(W3CHttpResponseCodec.java:49)
at org.openqa.selenium.remote.HttpCommandExecutor.execute(HttpCommandExecutor.java:158)
at org.openqa.selenium.remote.service.DriverCommandExecutor.execute(DriverCommandExecutor.java:83)
at org.openqa.selenium.remote.RemoteWebDriver.execute(RemoteWebDriver.java:552)
at org.openqa.selenium.remote.RemoteWebDriver.findElement(RemoteWebDriver.java:323)
at org.openqa.selenium.remote.RemoteWebDriver.findElementByLinkText(RemoteWebDriver.java:380)
at org.openqa.selenium.By$ByLinkText.findElement(By.java:220)
at org.openqa.selenium.remote.RemoteWebDriver.findElement(RemoteWebDriver.java:315)
at org.openqa.selenium.support.pagefactory.DefaultElementLocator.findElement(DefaultElementLocator.java:69)
at org.openqa.selenium.support.pagefactory.internal.LocatingElementHandler.invoke(LocatingElementHandler.java:38)
at com.sun.proxy.$Proxy18.click(Unknown Source)
at com.inetbanking.page_objects.LoginPage.logout(LoginPage.java:27)
at com.inetbanking.test_cases.TestCase_002_LoginTest_DD.login_DD_Test(TestCase_002_LoginTest_DD.java:32)
at sun.reflect.NativeMethodAccessorImpl.invoke0(Native Method)
at sun.reflect.NativeMethodAccessorImpl.invoke(NativeMethodAccessorImpl.java:62)
at sun.reflect.DelegatingMethodAccessorImpl.invoke(DelegatingMethodAccessorImpl.java:43)
at java.lang.reflect.Method.invoke(Method.java:498)
at org.testng.internal.MethodInvocationHelper.invokeMethod(MethodInvocationHelper.java:134)
at org.testng.internal.TestInvoker.invokeMethod(TestInvoker.java:597)
at org.testng.internal.TestInvoker.invokeTestMethod(TestInvoker.java:173)
at org.testng.internal.MethodRunner.runInSequence(MethodRunner.java:46)
at org.testng.internal.TestInvoker$MethodInvocationAgent.invoke(TestInvoker.java:816)
at org.testng.internal.TestInvoker.invokeTestMethods(TestInvoker.java:146)
at org.testng.internal.TestMethodWorker.invokeTestMethods(TestMethodWorker.java:146)
at org.testng.internal.TestMethodWorker.run(TestMethodWorker.java:128)
at java.util.ArrayList.forEach(ArrayList.java:1257)
at org.testng.TestRunner.privateRun(TestRunner.java:766)
at org.testng.TestRunner.run(TestRunner.java:587)
at org.testng.SuiteRunner.runTest(SuiteRunner.java:384)
at org.testng.SuiteRunner.runSequentially(SuiteRunner.java:378)
at org.testng.SuiteRunner.privateRun(SuiteRunner.java:337)
at org.testng.SuiteRunner.run(SuiteRunner.java:286)
at org.testng.SuiteRunnerWorker.runSuite(SuiteRunnerWorker.java:53)
at org.testng.SuiteRunnerWorker.run(SuiteRunnerWorker.java:96)
at org.testng.TestNG.runSuitesSequentially(TestNG.java:1187)
at org.testng.TestNG.runSuitesLocally(TestNG.java:1109)
at org.testng.TestNG.runSuites(TestNG.java:1039)
at org.testng.TestNG.run(TestNG.java:1007)
at org.testng.remote.AbstractRemoteTestNG.run(AbstractRemoteTestNG.java:115)
at org.testng.remote.RemoteTestNG.initAndRun(RemoteTestNG.java:251)
at org.testng.remote.RemoteTestNG.main(RemoteTestNG.java:77)
]]>
            </full-stacktrace>
          </exception> <!-- org.openqa.selenium.NoSuchElementException -->
          <reporter-output>
          </reporter-output>
        </test-method> <!-- login_DD_Test -->
        <test-method status="PASS" signature="beforeMethod()[pri:0, instance:com.inetbanking.test_cases.TestCase_002_LoginTest_DD@ea1a8d5]" name="beforeMethod" is-config="true" duration-ms="1" started-at="2020-05-04T19:16:22 IST" finished-at="2020-05-04T19:16:22 IST">
          <reporter-output>
          </reporter-output>
        </test-method> <!-- beforeMethod -->
        <test-method status="PASS" signature="afterMethod()[pri:0, instance:com.inetbanking.test_cases.TestCase_002_LoginTest_DD@ea1a8d5]" name="afterMethod" is-config="true" duration-ms="0" started-at="2020-05-04T19:16:22 IST" finished-at="2020-05-04T19:16:22 IST">
          <reporter-output>
          </reporter-output>
        </test-method> <!-- afterMethod -->
        <test-method status="FAIL" signature="login_DD_Test(java.lang.String, java.lang.String)[pri:0, instance:com.inetbanking.test_cases.TestCase_002_LoginTest_DD@ea1a8d5]" name="login_DD_Test" duration-ms="10511" started-at="2020-05-04T19:16:22 IST" data-provider="login_data" finished-at="2020-05-04T19:16:32 IST">
          <params>
            <param index="0">
              <value>
                <![CDATA[mngr259062]]>
              </value>
            </param>
            <param index="1">
              <value>
                <![CDATA[UsuhagY]]>
              </value>
            </param>
          </params>
          <exception class="java.lang.AssertionError">
            <message>
              <![CDATA[expected [true] but found [false]]]>
            </message>
            <full-stacktrace>
              <![CDATA[java.lang.AssertionError: expected [true] but found [false]
at org.testng.Assert.fail(Assert.java:97)
at org.testng.Assert.failNotEquals(Assert.java:969)
at org.testng.Assert.assertTrue(Assert.java:43)
at org.testng.Assert.assertTrue(Assert.java:53)
at com.inetbanking.test_cases.TestCase_002_LoginTest_DD.login_DD_Test(TestCase_002_LoginTest_DD.java:26)
at sun.reflect.NativeMethodAccessorImpl.invoke0(Native Method)
at sun.reflect.NativeMethodAccessorImpl.invoke(NativeMethodAccessorImpl.java:62)
at sun.reflect.DelegatingMethodAccessorImpl.invoke(DelegatingMethodAccessorImpl.java:43)
at java.lang.reflect.Method.invoke(Method.java:498)
at org.testng.internal.MethodInvocationHelper.invokeMethod(MethodInvocationHelper.java:134)
at org.testng.internal.TestInvoker.invokeMethod(TestInvoker.java:597)
at org.testng.internal.TestInvoker.invokeTestMethod(TestInvoker.java:173)
at org.testng.internal.MethodRunner.runInSequence(MethodRunner.java:46)
at org.testng.internal.TestInvoker$MethodInvocationAgent.invoke(TestInvoker.java:816)
at org.testng.internal.TestInvoker.invokeTestMethods(TestInvoker.java:146)
at org.testng.internal.TestMethodWorker.invokeTestMethods(TestMethodWorker.java:146)
at org.testng.internal.TestMethodWorker.run(TestMethodWorker.java:128)
at java.util.ArrayList.forEach(ArrayList.java:1257)
at org.testng.TestRunner.privateRun(TestRunner.java:766)
at org.testng.TestRunner.run(TestRunner.java:587)
at org.testng.SuiteRunner.runTest(SuiteRunner.java:384)
at org.testng.SuiteRunner.runSequentially(SuiteRunner.java:378)
at org.testng.SuiteRunner.privateRun(SuiteRunner.java:337)
at org.testng.SuiteRunner.run(SuiteRunner.java:286)
at org.testng.SuiteRunnerWorker.runSuite(SuiteRunnerWorker.java:53)
at org.testng.SuiteRunnerWorker.run(SuiteRunnerWorker.java:96)
at org.testng.TestNG.runSuitesSequentially(TestNG.java:1187)
at org.testng.TestNG.runSuitesLocally(TestNG.java:1109)
at org.testng.TestNG.runSuites(TestNG.java:1039)
at org.testng.TestNG.run(TestNG.java:1007)
at org.testng.remote.AbstractRemoteTestNG.run(AbstractRemoteTestNG.java:115)
at org.testng.remote.RemoteTestNG.initAndRun(RemoteTestNG.java:251)
at org.testng.remote.RemoteTestNG.main(RemoteTestNG.java:77)
]]>
            </full-stacktrace>
          </exception> <!-- java.lang.AssertionError -->
          <reporter-output>
          </reporter-output>
        </test-method> <!-- login_DD_Test -->
        <test-method status="PASS" signature="beforeMethod()[pri:0, instance:com.inetbanking.test_cases.TestCase_002_LoginTest_DD@ea1a8d5]" name="beforeMethod" is-config="true" duration-ms="1" started-at="2020-05-04T19:16:33 IST" finished-at="2020-05-04T19:16:33 IST">
          <reporter-output>
          </reporter-output>
        </test-method> <!-- beforeMethod -->
        <test-method status="PASS" signature="afterMethod()[pri:0, instance:com.inetbanking.test_cases.TestCase_002_LoginTest_DD@ea1a8d5]" name="afterMethod" is-config="true" duration-ms="0" started-at="2020-05-04T19:16:33 IST" finished-at="2020-05-04T19:16:33 IST">
          <reporter-output>
          </reporter-output>
        </test-method> <!-- afterMethod -->
        <test-method status="FAIL" signature="login_DD_Test(java.lang.String, java.lang.String)[pri:0, instance:com.inetbanking.test_cases.TestCase_002_LoginTest_DD@ea1a8d5]" name="login_DD_Test" duration-ms="6101" started-at="2020-05-04T19:16:33 IST" data-provider="login_data" finished-at="2020-05-04T19:16:39 IST">
          <params>
            <param index="0">
              <value>
                <![CDATA[mngr459062]]>
              </value>
            </param>
            <param index="1">
              <value>
                <![CDATA[Usuhagy]]>
              </value>
            </param>
          </params>
          <exception class="java.lang.AssertionError">
            <message>
              <![CDATA[expected [true] but found [false]]]>
            </message>
            <full-stacktrace>
              <![CDATA[java.lang.AssertionError: expected [true] but found [false]
at org.testng.Assert.fail(Assert.java:97)
at org.testng.Assert.failNotEquals(Assert.java:969)
at org.testng.Assert.assertTrue(Assert.java:43)
at org.testng.Assert.assertTrue(Assert.java:53)
at com.inetbanking.test_cases.TestCase_002_LoginTest_DD.login_DD_Test(TestCase_002_LoginTest_DD.java:26)
at sun.reflect.NativeMethodAccessorImpl.invoke0(Native Method)
at sun.reflect.NativeMethodAccessorImpl.invoke(NativeMethodAccessorImpl.java:62)
at sun.reflect.DelegatingMethodAccessorImpl.invoke(DelegatingMethodAccessorImpl.java:43)
at java.lang.reflect.Method.invoke(Method.java:498)
at org.testng.internal.MethodInvocationHelper.invokeMethod(MethodInvocationHelper.java:134)
at org.testng.internal.TestInvoker.invokeMethod(TestInvoker.java:597)
at org.testng.internal.TestInvoker.invokeTestMethod(TestInvoker.java:173)
at org.testng.internal.MethodRunner.runInSequence(MethodRunner.java:46)
at org.testng.internal.TestInvoker$MethodInvocationAgent.invoke(TestInvoker.java:816)
at org.testng.internal.TestInvoker.invokeTestMethods(TestInvoker.java:146)
at org.testng.internal.TestMethodWorker.invokeTestMethods(TestMethodWorker.java:146)
at org.testng.internal.TestMethodWorker.run(TestMethodWorker.java:128)
at java.util.ArrayList.forEach(ArrayList.java:1257)
at org.testng.TestRunner.privateRun(TestRunner.java:766)
at org.testng.TestRunner.run(TestRunner.java:587)
at org.testng.SuiteRunner.runTest(SuiteRunner.java:384)
at org.testng.SuiteRunner.runSequentially(SuiteRunner.java:378)
at org.testng.SuiteRunner.privateRun(SuiteRunner.java:337)
at org.testng.SuiteRunner.run(SuiteRunner.java:286)
at org.testng.SuiteRunnerWorker.runSuite(SuiteRunnerWorker.java:53)
at org.testng.SuiteRunnerWorker.run(SuiteRunnerWorker.java:96)
at org.testng.TestNG.runSuitesSequentially(TestNG.java:1187)
at org.testng.TestNG.runSuitesLocally(TestNG.java:1109)
at org.testng.TestNG.runSuites(TestNG.java:1039)
at org.testng.TestNG.run(TestNG.java:1007)
at org.testng.remote.AbstractRemoteTestNG.run(AbstractRemoteTestNG.java:115)
at org.testng.remote.RemoteTestNG.initAndRun(RemoteTestNG.java:251)
at org.testng.remote.RemoteTestNG.main(RemoteTestNG.java:77)
]]>
            </full-stacktrace>
          </exception> <!-- java.lang.AssertionError -->
          <reporter-output>
          </reporter-output>
        </test-method> <!-- login_DD_Test -->
        <test-method status="PASS" signature="afterMethod()[pri:0, instance:com.inetbanking.test_cases.TestCase_002_LoginTest_DD@ea1a8d5]" name="afterMethod" is-config="true" duration-ms="0" started-at="2020-05-04T19:16:39 IST" finished-at="2020-05-04T19:16:39 IST">
          <reporter-output>
          </reporter-output>
        </test-method> <!-- afterMethod -->
        <test-method status="PASS" signature="afterClass()[pri:0, instance:com.inetbanking.test_cases.TestCase_002_LoginTest_DD@ea1a8d5]" name="afterClass" is-config="true" duration-ms="49" started-at="2020-05-04T19:16:39 IST" finished-at="2020-05-04T19:16:39 IST">
          <reporter-output>
          </reporter-output>
        </test-method> <!-- afterClass -->
      </class> <!-- com.inetbanking.test_cases.TestCase_002_LoginTest_DD -->
      <class name="com.inetbanking.test_cases.TestCase_003_AddCustomer">
        <test-method status="PASS" signature="beforeClass(java.lang.String)[pri:0, instance:com.inetbanking.test_cases.TestCase_003_AddCustomer@1563da5]" name="beforeClass" is-config="true" duration-ms="6749" started-at="2020-05-04T19:16:39 IST" finished-at="2020-05-04T19:16:46 IST">
          <params>
            <param index="0">
              <value>
                <![CDATA[Chrome]]>
              </value>
            </param>
          </params>
          <reporter-output>
          </reporter-output>
        </test-method> <!-- beforeClass -->
        <test-method status="PASS" signature="beforeMethod()[pri:0, instance:com.inetbanking.test_cases.TestCase_003_AddCustomer@1563da5]" name="beforeMethod" is-config="true" duration-ms="0" started-at="2020-05-04T19:16:46 IST" finished-at="2020-05-04T19:16:46 IST">
          <reporter-output>
          </reporter-output>
        </test-method> <!-- beforeMethod -->
        <test-method status="PASS" signature="addNewCutomer()[pri:0, instance:com.inetbanking.test_cases.TestCase_003_AddCustomer@1563da5]" name="addNewCutomer" duration-ms="7343" started-at="2020-05-04T19:16:46 IST" finished-at="2020-05-04T19:16:53 IST">
          <reporter-output>
          </reporter-output>
        </test-method> <!-- addNewCutomer -->
        <test-method status="PASS" signature="afterMethod()[pri:0, instance:com.inetbanking.test_cases.TestCase_003_AddCustomer@1563da5]" name="afterMethod" is-config="true" duration-ms="0" started-at="2020-05-04T19:16:54 IST" finished-at="2020-05-04T19:16:54 IST">
          <reporter-output>
          </reporter-output>
        </test-method> <!-- afterMethod -->
        <test-method status="PASS" signature="afterClass()[pri:0, instance:com.inetbanking.test_cases.TestCase_003_AddCustomer@1563da5]" name="afterClass" is-config="true" duration-ms="86" started-at="2020-05-04T19:16:54 IST" finished-at="2020-05-04T19:16:54 IST">
          <reporter-output>
          </reporter-output>
        </test-method> <!-- afterClass -->
      </class> <!-- com.inetbanking.test_cases.TestCase_003_AddCustomer -->
      <class name="com.inetbanking.test_cases.TestCase_001_LoginTest">
        <test-method status="PASS" signature="beforeSuite()[pri:0, instance:com.inetbanking.test_cases.TestCase_001_LoginTest@528931cf]" name="beforeSuite" is-config="true" duration-ms="13" started-at="2020-05-04T19:14:49 IST" finished-at="2020-05-04T19:14:49 IST">
          <reporter-output>
          </reporter-output>
        </test-method> <!-- beforeSuite -->
        <test-method status="PASS" signature="beforeTest()[pri:0, instance:com.inetbanking.test_cases.TestCase_001_LoginTest@528931cf]" name="beforeTest" is-config="true" duration-ms="0" started-at="2020-05-04T19:14:49 IST" finished-at="2020-05-04T19:14:49 IST">
          <reporter-output>
          </reporter-output>
        </test-method> <!-- beforeTest -->
        <test-method status="PASS" signature="beforeClass(java.lang.String)[pri:0, instance:com.inetbanking.test_cases.TestCase_001_LoginTest@528931cf]" name="beforeClass" is-config="true" duration-ms="23789" started-at="2020-05-04T19:14:49 IST" finished-at="2020-05-04T19:15:13 IST">
          <params>
            <param index="0">
              <value>
                <![CDATA[Chrome]]>
              </value>
            </param>
          </params>
          <reporter-output>
          </reporter-output>
        </test-method> <!-- beforeClass -->
        <test-method status="PASS" signature="beforeMethod()[pri:0, instance:com.inetbanking.test_cases.TestCase_001_LoginTest@528931cf]" name="beforeMethod" is-config="true" duration-ms="0" started-at="2020-05-04T19:15:13 IST" finished-at="2020-05-04T19:15:13 IST">
          <reporter-output>
          </reporter-output>
        </test-method> <!-- beforeMethod -->
        <test-method status="FAIL" signature="loginTest()[pri:0, instance:com.inetbanking.test_cases.TestCase_001_LoginTest@528931cf]" name="loginTest" duration-ms="457" started-at="2020-05-04T19:15:13 IST" finished-at="2020-05-04T19:15:13 IST">
          <exception class="java.lang.AssertionError">
            <full-stacktrace>
              <![CDATA[java.lang.AssertionError: 
at org.testng.AssertJUnit.fail(AssertJUnit.java:47)
at org.testng.AssertJUnit.assertTrue(AssertJUnit.java:20)
at org.testng.AssertJUnit.assertTrue(AssertJUnit.java:26)
at com.inetbanking.test_cases.TestCase_001_LoginTest.loginTest(TestCase_001_LoginTest.java:25)
at sun.reflect.NativeMethodAccessorImpl.invoke0(Native Method)
at sun.reflect.NativeMethodAccessorImpl.invoke(NativeMethodAccessorImpl.java:62)
at sun.reflect.DelegatingMethodAccessorImpl.invoke(DelegatingMethodAccessorImpl.java:43)
at java.lang.reflect.Method.invoke(Method.java:498)
at org.testng.internal.MethodInvocationHelper.invokeMethod(MethodInvocationHelper.java:134)
at org.testng.internal.TestInvoker.invokeMethod(TestInvoker.java:597)
at org.testng.internal.TestInvoker.invokeTestMethod(TestInvoker.java:173)
at org.testng.internal.MethodRunner.runInSequence(MethodRunner.java:46)
at org.testng.internal.TestInvoker$MethodInvocationAgent.invoke(TestInvoker.java:816)
at org.testng.internal.TestInvoker.invokeTestMethods(TestInvoker.java:146)
at org.testng.internal.TestMethodWorker.invokeTestMethods(TestMethodWorker.java:146)
at org.testng.internal.TestMethodWorker.run(TestMethodWorker.java:128)
at java.util.ArrayList.forEach(ArrayList.java:1257)
at org.testng.TestRunner.privateRun(TestRunner.java:766)
at org.testng.TestRunner.run(TestRunner.java:587)
at org.testng.SuiteRunner.runTest(SuiteRunner.java:384)
at org.testng.SuiteRunner.runSequentially(SuiteRunner.java:378)
at org.testng.SuiteRunner.privateRun(SuiteRunner.java:337)
at org.testng.SuiteRunner.run(SuiteRunner.java:286)
at org.testng.SuiteRunnerWorker.runSuite(SuiteRunnerWorker.java:53)
at org.testng.SuiteRunnerWorker.run(SuiteRunnerWorker.java:96)
at org.testng.TestNG.runSuitesSequentially(TestNG.java:1187)
at org.testng.TestNG.runSuitesLocally(TestNG.java:1109)
at org.testng.TestNG.runSuites(TestNG.java:1039)
at org.testng.TestNG.run(TestNG.java:1007)
at org.testng.remote.AbstractRemoteTestNG.run(AbstractRemoteTestNG.java:115)
at org.testng.remote.RemoteTestNG.initAndRun(RemoteTestNG.java:251)
at org.testng.remote.RemoteTestNG.main(RemoteTestNG.java:77)
]]>
            </full-stacktrace>
          </exception> <!-- java.lang.AssertionError -->
          <reporter-output>
          </reporter-output>
        </test-method> <!-- loginTest -->
        <test-method status="PASS" signature="afterMethod()[pri:0, instance:com.inetbanking.test_cases.TestCase_001_LoginTest@528931cf]" name="afterMethod" is-config="true" duration-ms="1" started-at="2020-05-04T19:15:14 IST" finished-at="2020-05-04T19:15:14 IST">
          <reporter-output>
          </reporter-output>
        </test-method> <!-- afterMethod -->
        <test-method status="PASS" signature="afterClass()[pri:0, instance:com.inetbanking.test_cases.TestCase_001_LoginTest@528931cf]" name="afterClass" is-config="true" duration-ms="50" started-at="2020-05-04T19:15:14 IST" finished-at="2020-05-04T19:15:14 IST">
          <reporter-output>
          </reporter-output>
        </test-method> <!-- afterClass -->
        <test-method status="PASS" signature="afterTest()[pri:0, instance:com.inetbanking.test_cases.TestCase_001_LoginTest@528931cf]" name="afterTest" is-config="true" duration-ms="1" started-at="2020-05-04T19:16:54 IST" finished-at="2020-05-04T19:16:54 IST">
          <reporter-output>
          </reporter-output>
        </test-method> <!-- afterTest -->
        <test-method status="PASS" signature="afterSuite()[pri:0, instance:com.inetbanking.test_cases.TestCase_001_LoginTest@528931cf]" name="afterSuite" is-config="true" duration-ms="1" started-at="2020-05-04T19:16:55 IST" finished-at="2020-05-04T19:16:55 IST">
          <reporter-output>
          </reporter-output>
        </test-method> <!-- afterSuite -->
      </class> <!-- com.inetbanking.test_cases.TestCase_001_LoginTest -->
    </test> <!-- Test -->
  </suite> <!-- Suite -->
</testng-results>
